<?xml version="1.0" encoding="UTF-8"?>
<!-- Generated by org.testng.reporters.JUnitReportReporter -->
<testsuite hostname="NHUTBM" name="com.payzing.testcase.LoginScript" tests="98" failures="0" timestamp="26 Jul 2019 02:46:09 GMT" time="359.786" errors="0">
  <testcase name="testcase_22_Verify_display_message_when_input_valid_account" time="4.537" classname="com.payzing.testcase.LoginScript"/>
  <testcase name="testcase_23_Select_Crossfire_THAI" time="1.678" classname="com.payzing.testcase.LoginScript"/>
  <testcase name="testcase_46_Input_RoleID_in_RoleName" time="5.371" classname="com.payzing.testcase.LoginScript"/>
  <testcase name="testcase_20_Verify_display_message_when_not_input_information" time="1.243" classname="com.payzing.testcase.LoginScript"/>
  <testcase name="testcase_37_Verify_message_when_only_input_password" time="1.376" classname="com.payzing.testcase.LoginScript"/>
  <testcase name="testcase_86_Verify_display_message_when_input_valid_account" time="1.363" classname="com.payzing.testcase.LoginScript"/>
  <testcase name="testcase_26_Verify_display_method_Login_By_Email" time="2.099" classname="com.payzing.testcase.LoginScript"/>
  <testcase name="testcase_82_Verify_display_message_when_not_input_information" time="2.164" classname="com.payzing.testcase.LoginScript"/>
  <testcase name="testcase_81_Verify_display_message_when_click_Back" time="2.047" classname="com.payzing.testcase.LoginScript"/>
  <testcase name="testcase_52_Select_ROS_PC" time="1.588" classname="com.payzing.testcase.LoginScript"/>
  <testcase name="testcase_27_Verify_display_message_When_click_back" time="3.576" classname="com.payzing.testcase.LoginScript"/>
  <testcase name="testcase_13_Verify_display_method_login_By_Facebook" time="3.160" classname="com.payzing.testcase.LoginScript"/>
  <testcase name="testcase_14_Verify_display_method_Login_By_Google" time="3.444" classname="com.payzing.testcase.LoginScript"/>
  <testcase name="testcase_29_Verify_display_message_when_only_input_username" time="1.181" classname="com.payzing.testcase.LoginScript"/>
  <testcase name="testcase_30_Verify_display_message_when_not_input_information" time="1.251" classname="com.payzing.testcase.LoginScript"/>
  <testcase name="testcase_04_Verify_display_method_Login_By_Zalo" time="2.558" classname="com.payzing.testcase.LoginScript"/>
  <testcase name="testcase_11_Verify_display_message_when_input_valid_account" time="4.526" classname="com.payzing.testcase.LoginScript"/>
  <testcase name="testcase_16_Verify_display_method_Login_By_Email" time="2.099" classname="com.payzing.testcase.LoginScript"/>
  <testcase name="testcase_25_Verify_display_method_Login_By_Google" time="2.040" classname="com.payzing.testcase.LoginScript"/>
  <testcase name="testcase_40_Verify_display_method_login_By_Zalo" time="4.082" classname="com.payzing.testcase.LoginScript"/>
  <testcase name="testcase_80_Verify_display_method_Login_By_Email" time="2.117" classname="com.payzing.testcase.LoginScript"/>
  <testcase name="testcase_48_Verify_message_when_only_input_RoleID" time="3.326" classname="com.payzing.testcase.LoginScript"/>
  <testcase name="testcase_77_Verify_display_method_Login_By_Google" time="3.562" classname="com.payzing.testcase.LoginScript"/>
  <testcase name="testcase_68_Verify_display_method_Login_By_Email" time="2.124" classname="com.payzing.testcase.LoginScript"/>
  <testcase name="testcase_54_Only_Input_Role_Name" time="3.228" classname="com.payzing.testcase.LoginScript"/>
  <testcase name="testcase_65_Verify_display_method_Login_By_Google" time="3.269" classname="com.payzing.testcase.LoginScript"/>
  <testcase name="testcase_56_Input_invalid_account" time="4.910" classname="com.payzing.testcase.LoginScript"/>
  <testcase name="testcase_83_Verify_display_message_when_only_input_username" time="1.214" classname="com.payzing.testcase.LoginScript"/>
  <testcase name="testcase_28_Verify_display_message_when_not_input_information" time="3.193" classname="com.payzing.testcase.LoginScript"/>
  <testcase name="testcase_47_Verify_Login_Success_By_RoleName" time="3.868" classname="com.payzing.testcase.LoginScript"/>
  <testcase name="testcase_89_Verify_display_method_Login_By_Google" time="3.583" classname="com.payzing.testcase.LoginScript"/>
  <testcase name="testcase_03_Verify_display_method_Login_By_Google" time="2.050" classname="com.payzing.testcase.LoginScript"/>
  <testcase name="testcase_61_Verify_message_when_login_by_roleNAME_in_tab_roleID" time="3.361" classname="com.payzing.testcase.LoginScript"/>
  <testcase name="testcase_79_Verify_display_method_Login_By_ZingID" time="20.033" classname="com.payzing.testcase.LoginScript"/>
  <testcase name="testcase_53_Only_input_role_name" time="3.130" classname="com.payzing.testcase.LoginScript"/>
  <testcase name="testcase_36_Verify_message_when_only_input_username" time="1.354" classname="com.payzing.testcase.LoginScript"/>
  <testcase name="testcase_39_Verify_message_when_input_valid_account" time="3.693" classname="com.payzing.testcase.LoginScript"/>
  <testcase name="testcase_60_Verify_message_when_only_select_server" time="2.797" classname="com.payzing.testcase.LoginScript"/>
  <testcase name="testcase_92_Verify_display_method_Login_By_Email" time="0.126" classname="com.payzing.testcase.LoginScript"/>
  <testcase name="testcase_06_Verify_display_message_when_click_Back" time="1.275" classname="com.payzing.testcase.LoginScript"/>
  <testcase name="testcase_08_Verify_display_message_when_only_input_username" time="1.248" classname="com.payzing.testcase.LoginScript"/>
  <testcase name="testcase_69_Verify_display_message_when_click_Back" time="1.094" classname="com.payzing.testcase.LoginScript"/>
  <testcase name="testcase_74_Verify_display_message_when_input_valid_account" time="4.694" classname="com.payzing.testcase.LoginScript"/>
  <testcase name="testcase_66_Verify_display_method_Login_By_Zalo" time="20.038" classname="com.payzing.testcase.LoginScript"/>
  <testcase name="testcase_10_Verify_display_message_when_input_invalid_account" time="1.948" classname="com.payzing.testcase.LoginScript"/>
  <testcase name="testcase_64_Verify_display_method_login_By_Facebook" time="3.119" classname="com.payzing.testcase.LoginScript"/>
  <testcase name="testcase_09_Verify_display_message_when_not_input_information" time="1.385" classname="com.payzing.testcase.LoginScript"/>
  <testcase name="testcase_50_Verify_message_when_login_by_roleNAME_in_tab_roleID" time="3.839" classname="com.payzing.testcase.LoginScript"/>
  <testcase name="testcase_21_Verify_display_message_when_input_invalid_account" time="1.886" classname="com.payzing.testcase.LoginScript"/>
  <testcase name="testcase_34_Verify_message_when_click_back" time="4.077" classname="com.payzing.testcase.LoginScript"/>
  <testcase name="testcase_24_Verify_display_method_login_By_Facebook" time="2.960" classname="com.payzing.testcase.LoginScript"/>
  <testcase name="testcase_02_Verify_display_method_login_By_Facebook" time="5.414" classname="com.payzing.testcase.LoginScript"/>
  <testcase name="testcase_01_Select_DCM_THAI" time="2.208" classname="com.payzing.testcase.LoginScript"/>
  <testcase name="testcase_44_Only_Select_Server" time="4.337" classname="com.payzing.testcase.LoginScript"/>
  <testcase name="testcase_94_Verify_display_message_when_not_input_information" time="3.531" classname="com.payzing.testcase.LoginScript"/>
  <testcase name="testcase_45_Input_invalid_account" time="5.463" classname="com.payzing.testcase.LoginScript"/>
  <testcase name="testcase_42_Only_input_role_name" time="3.154" classname="com.payzing.testcase.LoginScript"/>
  <testcase name="testcase_51_Verify_login_success_by_roleID" time="3.367" classname="com.payzing.testcase.LoginScript"/>
  <testcase name="testcase_67_Verify_display_method_Login_By_ZingID" time="20.045" classname="com.payzing.testcase.LoginScript"/>
  <testcase name="testcase_72_Verify_display_message_when_not_input_information" time="1.255" classname="com.payzing.testcase.LoginScript"/>
  <testcase name="testcase_31_Verify_display_message_when_input_invalid_account" time="1.319" classname="com.payzing.testcase.LoginScript"/>
  <testcase name="testcase_05_Verify_display_method_Login_By_Email" time="3.047" classname="com.payzing.testcase.LoginScript"/>
  <testcase name="testcase_71_Verify_display_message_when_only_input_username" time="1.229" classname="com.payzing.testcase.LoginScript"/>
  <testcase name="testcase_98_Verify_display_message_when_input_valid_account" time="1.429" classname="com.payzing.testcase.LoginScript"/>
  <testcase name="testcase_35_Verify_message_when_not_input_username_and_password" time="2.198" classname="com.payzing.testcase.LoginScript"/>
  <testcase name="testcase_75_Select_Reign_of_Warlords_Thai" time="1.509" classname="com.payzing.testcase.LoginScript"/>
  <testcase name="testcase_15_Verify_display_method_Login_By_Zalo" time="2.037" classname="com.payzing.testcase.LoginScript"/>
  <testcase name="testcase_91_Verify_display_method_Login_By_ZingID" time="20.048" classname="com.payzing.testcase.LoginScript"/>
  <testcase name="testcase_76_Verify_display_method_login_By_Facebook" time="2.959" classname="com.payzing.testcase.LoginScript"/>
  <testcase name="testcase_78_Verify_display_method_Login_By_Zalo" time="20.022" classname="com.payzing.testcase.LoginScript"/>
  <testcase name="testcase_55_Only_Select_Server" time="4.309" classname="com.payzing.testcase.LoginScript"/>
  <testcase name="testcase_85_Verify_display_message_when_input_invalid_account" time="2.445" classname="com.payzing.testcase.LoginScript"/>
  <testcase name="testcase_19_Verify_display_message_when_only_input_username" time="1.195" classname="com.payzing.testcase.LoginScript"/>
  <testcase name="testcase_70_Verify_display_message_when_not_input_information" time="2.961" classname="com.payzing.testcase.LoginScript"/>
  <testcase name="testcase_59_Verify_message_when_only_input_RoleID" time="3.563" classname="com.payzing.testcase.LoginScript"/>
  <testcase name="testcase_63_Select_Super_Samkok" time="1.716" classname="com.payzing.testcase.LoginScript"/>
  <testcase name="testcase_43_Only_Input_Role_Name" time="3.238" classname="com.payzing.testcase.LoginScript"/>
  <testcase name="testcase_90_Verify_display_method_Login_By_Zalo" time="20.033" classname="com.payzing.testcase.LoginScript"/>
  <testcase name="testcase_49_Verify_message_when_only_select_server" time="2.851" classname="com.payzing.testcase.LoginScript"/>
  <testcase name="testcase_32_Verify_display_message_when_input_valid_account" time="4.577" classname="com.payzing.testcase.LoginScript"/>
  <testcase name="testcase_17_Verify_display_homepage_when_click_back" time="0.083" classname="com.payzing.testcase.LoginScript"/>
  <testcase name="testcase_18_Verify_display_message_when_not_input_information" time="2.964" classname="com.payzing.testcase.LoginScript"/>
  <testcase name="testcase_93_Verify_display_message_when_click_Back" time="1.541" classname="com.payzing.testcase.LoginScript"/>
  <testcase name="testcase_38_Verify_message_when_input_invalid_account" time="1.301" classname="com.payzing.testcase.LoginScript"/>
  <testcase name="testcase_96_Verify_display_message_when_not_input_information" time="1.367" classname="com.payzing.testcase.LoginScript"/>
  <testcase name="testcase_88_Verify_display_method_login_By_Facebook" time="3.282" classname="com.payzing.testcase.LoginScript"/>
  <testcase name="testcase_33_Select_method_ZingID" time="1.108" classname="com.payzing.testcase.LoginScript"/>
  <testcase name="testcase_87_Select_Dai_Chien_Samurai_Thai" time="1.958" classname="com.payzing.testcase.LoginScript"/>
  <testcase name="testcase_73_Verify_display_message_when_input_invalid_account" time="1.874" classname="com.payzing.testcase.LoginScript"/>
  <testcase name="testcase_97_Verify_display_message_when_input_invalid_account" time="1.927" classname="com.payzing.testcase.LoginScript"/>
  <testcase name="testcase_41_Select_ROS_MOBILE" time="1.859" classname="com.payzing.testcase.LoginScript"/>
  <testcase name="testcase_58_Verify_Login_Success_By_RoleName" time="3.879" classname="com.payzing.testcase.LoginScript"/>
  <testcase name="testcase_57_Input_RoleID_in_RoleName" time="4.883" classname="com.payzing.testcase.LoginScript"/>
  <testcase name="testcase_12_Select_DCM_THAI" time="1.275" classname="com.payzing.testcase.LoginScript"/>
  <testcase name="testcase_62_Verify_login_success_by_roleID" time="3.522" classname="com.payzing.testcase.LoginScript"/>
  <testcase name="testcase_95_Verify_display_message_when_only_input_username" time="1.248" classname="com.payzing.testcase.LoginScript"/>
  <testcase name="testcase_07_Verify_display_message_when_not_input_information" time="3.089" classname="com.payzing.testcase.LoginScript"/>
  <testcase name="testcase_84_Verify_display_message_when_not_input_information" time="1.283" classname="com.payzing.testcase.LoginScript"/>
</testsuite> <!-- com.payzing.testcase.LoginScript -->
