<?xml version="1.0" encoding="UTF-8"?>
<!-- Generated by org.testng.reporters.JUnitReportReporter -->
<testsuite hostname="NHUTBM" name="com.payzing.testcase.HomePageScript" tests="14" failures="0" timestamp="21 Jun 2019 04:03:45 GMT" time="179.772" errors="1">
  <testcase name="testcase_05_ZingCard_Verify_display_message_when_only_input_Pin" time="6.833" classname="com.payzing.testcase.HomePageScript"/>
  <testcase name="testcase_14_Credit_Card" time="27.250" classname="com.payzing.testcase.HomePageScript"/>
  <testcase name="testcase_06_ZingCard_Verify_display_message_when_input_card_invalid" time="7.865" classname="com.payzing.testcase.HomePageScript"/>
  <testcase name="testcase_09_ATM_Transfer_Napas_Verify_display_message_when_dont_input_information_card" time="14.817" classname="com.payzing.testcase.HomePageScript"/>
  <testcase name="testcase_12_ATM_Transfer_ZaloPay_Verify_display_form_input_infor_card" time="9.743" classname="com.payzing.testcase.HomePageScript"/>
  <testcase name="testcase_13_ATM_Transfer_ZaloPay_Verify_display_transactionID" time="29.186" classname="com.payzing.testcase.HomePageScript"/>
  <testcase name="testcase_10_ATM_Transfer_Napas" time="28.188" classname="com.payzing.testcase.HomePageScript"/>
  <testcase name="testcase_03_ZingCard_Verify_display_message_when_dont_input_Seri_and_Pin_card" time="5.650" classname="com.payzing.testcase.HomePageScript"/>
  <testcase name="testcase_04_ZingCard_Verify_display_message_when_only_input_Seri" time="6.850" classname="com.payzing.testcase.HomePageScript"/>
  <testcase name="testcase_02_ZingCard_Verify_display_form_input_information_card" time="4.449" classname="com.payzing.testcase.HomePageScript"/>
  <testcase name="testcase_07_ZingCard_Verify_display_message_when_input_card_had_used" time="8.377" classname="com.payzing.testcase.HomePageScript">
    <error type="java.lang.AssertionError" message="expected [Thẻ đã được sử dụng, vui lòng không dùng lại nhiều lần!] but found [Thẻ đã được sử dụng, giao dịch thất bại!]">
      <![CDATA[java.lang.AssertionError: expected [Thẻ đã được sử dụng, vui lòng không dùng lại nhiều lần!] but found [Thẻ đã được sử dụng, giao dịch thất bại!]
	at org.testng.Assert.fail(Assert.java:94)
	at org.testng.Assert.failNotEquals(Assert.java:494)
	at org.testng.Assert.assertEquals(Assert.java:123)
	at org.testng.Assert.assertEquals(Assert.java:176)
	at org.testng.Assert.assertEquals(Assert.java:186)
	at CommonPage.CommonTestcase.verifyEqual(CommonTestcase.java:59)
	at com.payzing.testcase.HomePageScript.testcase_07_ZingCard_Verify_display_message_when_input_card_had_used(HomePageScript.java:289)
	at sun.reflect.NativeMethodAccessorImpl.invoke0(Native Method)
	at sun.reflect.NativeMethodAccessorImpl.invoke(NativeMethodAccessorImpl.java:62)
	at sun.reflect.DelegatingMethodAccessorImpl.invoke(DelegatingMethodAccessorImpl.java:43)
	at java.lang.reflect.Method.invoke(Method.java:498)
	at org.testng.internal.MethodInvocationHelper.invokeMethod(MethodInvocationHelper.java:80)
	at org.testng.internal.Invoker.invokeMethod(Invoker.java:714)
	at org.testng.internal.Invoker.invokeTestMethod(Invoker.java:901)
	at org.testng.internal.Invoker.invokeTestMethods(Invoker.java:1231)
	at org.testng.internal.TestMethodWorker.invokeTestMethods(TestMethodWorker.java:127)
	at org.testng.internal.TestMethodWorker.run(TestMethodWorker.java:111)
	at org.testng.TestRunner.privateRun(TestRunner.java:767)
	at org.testng.TestRunner.run(TestRunner.java:617)
	at org.testng.SuiteRunner.runTest(SuiteRunner.java:334)
	at org.testng.SuiteRunner.access$000(SuiteRunner.java:37)
	at org.testng.SuiteRunner$SuiteWorker.run(SuiteRunner.java:368)
	at org.testng.internal.thread.ThreadUtil$2.call(ThreadUtil.java:64)
	at java.util.concurrent.FutureTask.run(FutureTask.java:266)
	at java.util.concurrent.ThreadPoolExecutor.runWorker(ThreadPoolExecutor.java:1149)
	at java.util.concurrent.ThreadPoolExecutor$Worker.run(ThreadPoolExecutor.java:624)
	at java.lang.Thread.run(Thread.java:748)
]]>
    </error>
  </testcase> <!-- testcase_07_ZingCard_Verify_display_message_when_input_card_had_used -->
  <testcase name="testcase_15_SMS" time="8.702" classname="com.payzing.testcase.HomePageScript"/>
  <testcase name="testcase_08_ATM_Transfer_Napas" time="14.108" classname="com.payzing.testcase.HomePageScript"/>
  <testcase name="testcase_01_ZaloPay_Verify_display_QR_code" time="7.754" classname="com.payzing.testcase.HomePageScript"/>
</testsuite> <!-- com.payzing.testcase.HomePageScript -->
