<?xml version="1.0" encoding="UTF-8"?>
<!-- Generated by org.testng.reporters.JUnitReportReporter -->
<testsuite hostname="NHUTBM" name="com.payzing.testcase.LoginScript" tests="10" failures="0" timestamp="6 Jun 2019 10:12:23 GMT" time="17.587" errors="0">
  <testcase name="testcase_09_QuickLogin_Only_type_Password" time="0.182" classname="com.payzing.testcase.LoginScript"/>
  <testcase name="testcase_06_select_quicklogin" time="0.699" classname="com.payzing.testcase.LoginScript"/>
  <testcase name="testcase_01_Dont_input_username_password" time="5.611" classname="com.payzing.testcase.LoginScript"/>
  <testcase name="testcase_07_QuickLogin_Dont_type_Username_and_password" time="0.110" classname="com.payzing.testcase.LoginScript"/>
  <testcase name="testcase_05_Login_account_ZingID_success" time="4.842" classname="com.payzing.testcase.LoginScript"/>
  <testcase name="testcase_08_QuickLogin_Only_type_Username" time="0.213" classname="com.payzing.testcase.LoginScript"/>
  <testcase name="testcase_04_Type_Invalid_Account" time="3.241" classname="com.payzing.testcase.LoginScript"/>
  <testcase name="testcase_10_QuickLogin_Login_account_invalid" time="2.270" classname="com.payzing.testcase.LoginScript"/>
  <testcase name="testcase_03_Only_Type_Input_Password" time="0.213" classname="com.payzing.testcase.LoginScript"/>
  <testcase name="testcase_02_Only_Type_Input_UserName" time="0.206" classname="com.payzing.testcase.LoginScript"/>
</testsuite> <!-- com.payzing.testcase.LoginScript -->
