<?xml version="1.0" encoding="UTF-8"?>
<!-- Generated by org.testng.reporters.JUnitReportReporter -->
<testsuite hostname="NHUTBM" name="com.payzing.testcase.HomePageScript" tests="6" failures="0" timestamp="6 Jun 2019 10:12:23 GMT" time="151.291" errors="0">
  <testcase name="testcase_06_Credit_Card" time="27.490" classname="com.payzing.testcase.HomePageScript"/>
  <testcase name="testcase_01_ZaloPay" time="6.694" classname="com.payzing.testcase.HomePageScript"/>
  <testcase name="testcase_02_ZingCard" time="15.373" classname="com.payzing.testcase.HomePageScript"/>
  <testcase name="testcase_03_ATM_Transfer_Napas" time="27.774" classname="com.payzing.testcase.HomePageScript"/>
  <testcase name="testcase_05_ATM_Transfer_ZaloPay" time="29.950" classname="com.payzing.testcase.HomePageScript"/>
  <testcase name="testcase_04_ATM_Transfer_BANK_WEB" time="44.010" classname="com.payzing.testcase.HomePageScript"/>
</testsuite> <!-- com.payzing.testcase.HomePageScript -->
